/!\ FAILSAFE /!\  Thu Nov 25 19:01:49 +0100 2010
  Status: 500 Internal Server Error
  no such file to load -- sqlite3
    /home/rafa/.rvm/rubies/ruby-1.8.7-p302/lib/ruby/site_ruby/1.8/rubygems/custom_require.rb:31:in `gem_original_require'
    /home/rafa/.rvm/rubies/ruby-1.8.7-p302/lib/ruby/site_ruby/1.8/rubygems/custom_require.rb:31:in `require'
    /home/rafa/.rvm/gems/ruby-1.8.7-p302@renren/gems/activesupport-2.3.9/lib/active_support/dependencies.rb:182:in `require'
    /home/rafa/.rvm/gems/ruby-1.8.7-p302@renren/gems/activesupport-2.3.9/lib/active_support/dependencies.rb:547:in `new_constants_in'
    /home/rafa/.rvm/gems/ruby-1.8.7-p302@renren/gems/activesupport-2.3.9/lib/active_support/dependencies.rb:182:in `require'
    /home/rafa/.rvm/gems/ruby-1.8.7-p302@renren/gems/activesupport-2.3.9/lib/active_support/core_ext/kernel/requires.rb:7:in `require_library_or_gem'
    /home/rafa/.rvm/gems/ruby-1.8.7-p302@renren/gems/activesupport-2.3.9/lib/active_support/core_ext/kernel/reporting.rb:11:in `silence_warnings'
    /home/rafa/.rvm/gems/ruby-1.8.7-p302@renren/gems/activesupport-2.3.9/lib/active_support/core_ext/kernel/requires.rb:5:in `require_library_or_gem'
    /home/rafa/.rvm/gems/ruby-1.8.7-p302@renren/gems/activerecord-2.3.9/lib/active_record/connection_adapters/sqlite3_adapter.rb:10:in `sqlite3_connection'
    /home/rafa/.rvm/gems/ruby-1.8.7-p302@renren/gems/activerecord-2.3.9/lib/active_record/connection_adapters/abstract/connection_pool.rb:223:in `send'
    /home/rafa/.rvm/gems/ruby-1.8.7-p302@renren/gems/activerecord-2.3.9/lib/active_record/connection_adapters/abstract/connection_pool.rb:223:in `new_connection'
    /home/rafa/.rvm/gems/ruby-1.8.7-p302@renren/gems/activerecord-2.3.9/lib/active_record/connection_adapters/abstract/connection_pool.rb:245:in `checkout_new_connection'
    /home/rafa/.rvm/gems/ruby-1.8.7-p302@renren/gems/activerecord-2.3.9/lib/active_record/connection_adapters/abstract/connection_pool.rb:188:in `checkout'
    /home/rafa/.rvm/gems/ruby-1.8.7-p302@renren/gems/activerecord-2.3.9/lib/active_record/connection_adapters/abstract/connection_pool.rb:184:in `loop'
    /home/rafa/.rvm/gems/ruby-1.8.7-p302@renren/gems/activerecord-2.3.9/lib/active_record/connection_adapters/abstract/connection_pool.rb:184:in `checkout'
    /home/rafa/.rvm/rubies/ruby-1.8.7-p302/lib/ruby/1.8/monitor.rb:242:in `synchronize'
    /home/rafa/.rvm/gems/ruby-1.8.7-p302@renren/gems/activerecord-2.3.9/lib/active_record/connection_adapters/abstract/connection_pool.rb:183:in `checkout'
    /home/rafa/.rvm/gems/ruby-1.8.7-p302@renren/gems/activerecord-2.3.9/lib/active_record/connection_adapters/abstract/connection_pool.rb:98:in `connection'
    /home/rafa/.rvm/gems/ruby-1.8.7-p302@renren/gems/activerecord-2.3.9/lib/active_record/connection_adapters/abstract/connection_pool.rb:326:in `retrieve_connection'
    /home/rafa/.rvm/gems/ruby-1.8.7-p302@renren/gems/activerecord-2.3.9/lib/active_record/connection_adapters/abstract/connection_specification.rb:123:in `retrieve_connection'
    /home/rafa/.rvm/gems/ruby-1.8.7-p302@renren/gems/activerecord-2.3.9/lib/active_record/connection_adapters/abstract/connection_specification.rb:115:in `connection'
    /home/rafa/.rvm/gems/ruby-1.8.7-p302@renren/gems/activerecord-2.3.9/lib/active_record/query_cache.rb:9:in `cache'
    /home/rafa/.rvm/gems/ruby-1.8.7-p302@renren/gems/activerecord-2.3.9/lib/active_record/query_cache.rb:28:in `call'
    /home/rafa/.rvm/gems/ruby-1.8.7-p302@renren/gems/activerecord-2.3.9/lib/active_record/connection_adapters/abstract/connection_pool.rb:361:in `call'
    /home/rafa/.rvm/gems/ruby-1.8.7-p302@renren/gems/actionpack-2.3.9/lib/action_controller/string_coercion.rb:25:in `call'
    /home/rafa/.rvm/gems/ruby-1.8.7-p302@renren/gems/rack-1.1.0/lib/rack/head.rb:9:in `call'
    /home/rafa/.rvm/gems/ruby-1.8.7-p302@renren/gems/rack-1.1.0/lib/rack/methodoverride.rb:24:in `call'
    /home/rafa/.rvm/gems/ruby-1.8.7-p302@renren/gems/actionpack-2.3.9/lib/action_controller/params_parser.rb:15:in `call'
    /home/rafa/.rvm/gems/ruby-1.8.7-p302@renren/gems/actionpack-2.3.9/lib/action_controller/session/cookie_store.rb:100:in `call'
    /home/rafa/.rvm/gems/ruby-1.8.7-p302@renren/gems/actionpack-2.3.9/lib/action_controller/failsafe.rb:26:in `call'
    /home/rafa/.rvm/gems/ruby-1.8.7-p302@renren/gems/rack-1.1.0/lib/rack/lock.rb:11:in `call'
    /home/rafa/.rvm/gems/ruby-1.8.7-p302@renren/gems/rack-1.1.0/lib/rack/lock.rb:11:in `synchronize'
    /home/rafa/.rvm/gems/ruby-1.8.7-p302@renren/gems/rack-1.1.0/lib/rack/lock.rb:11:in `call'
    /home/rafa/.rvm/gems/ruby-1.8.7-p302@renren/gems/actionpack-2.3.9/lib/action_controller/dispatcher.rb:114:in `call'
    /home/rafa/.rvm/gems/ruby-1.8.7-p302@renren/gems/actionpack-2.3.9/lib/action_controller/reloader.rb:34:in `run'
    /home/rafa/.rvm/gems/ruby-1.8.7-p302@renren/gems/actionpack-2.3.9/lib/action_controller/dispatcher.rb:108:in `call'
    /home/rafa/.rvm/gems/ruby-1.8.7-p302@renren/gems/rails-2.3.9/lib/rails/rack/static.rb:31:in `call'
    /home/rafa/.rvm/gems/ruby-1.8.7-p302@renren/gems/rack-1.1.0/lib/rack/urlmap.rb:47:in `call'
    /home/rafa/.rvm/gems/ruby-1.8.7-p302@renren/gems/rack-1.1.0/lib/rack/urlmap.rb:41:in `each'
    /home/rafa/.rvm/gems/ruby-1.8.7-p302@renren/gems/rack-1.1.0/lib/rack/urlmap.rb:41:in `call'
    /home/rafa/.rvm/gems/ruby-1.8.7-p302@renren/gems/rack-1.1.0/lib/rack/content_length.rb:13:in `call'
    /home/rafa/.rvm/gems/ruby-1.8.7-p302@renren/gems/rack-1.1.0/lib/rack/chunked.rb:15:in `call'
    /home/rafa/.rvm/gems/ruby-1.8.7-p302@renren/gems/rack-1.1.0/lib/rack/handler/mongrel.rb:67:in `process'
    /home/rafa/.rvm/gems/ruby-1.8.7-p302@global/gems/mongrel-1.1.5/lib/mongrel.rb:159:in `process_client'
    /home/rafa/.rvm/gems/ruby-1.8.7-p302@global/gems/mongrel-1.1.5/lib/mongrel.rb:158:in `each'
    /home/rafa/.rvm/gems/ruby-1.8.7-p302@global/gems/mongrel-1.1.5/lib/mongrel.rb:158:in `process_client'
    /home/rafa/.rvm/gems/ruby-1.8.7-p302@global/gems/mongrel-1.1.5/lib/mongrel.rb:285:in `run'
    /home/rafa/.rvm/gems/ruby-1.8.7-p302@global/gems/mongrel-1.1.5/lib/mongrel.rb:285:in `initialize'
    /home/rafa/.rvm/gems/ruby-1.8.7-p302@global/gems/mongrel-1.1.5/lib/mongrel.rb:285:in `new'
    /home/rafa/.rvm/gems/ruby-1.8.7-p302@global/gems/mongrel-1.1.5/lib/mongrel.rb:285:in `run'
    /home/rafa/.rvm/gems/ruby-1.8.7-p302@global/gems/mongrel-1.1.5/lib/mongrel.rb:268:in `initialize'
    /home/rafa/.rvm/gems/ruby-1.8.7-p302@global/gems/mongrel-1.1.5/lib/mongrel.rb:268:in `new'
    /home/rafa/.rvm/gems/ruby-1.8.7-p302@global/gems/mongrel-1.1.5/lib/mongrel.rb:268:in `run'
    /home/rafa/.rvm/gems/ruby-1.8.7-p302@renren/gems/rack-1.1.0/lib/rack/handler/mongrel.rb:38:in `run'
    /home/rafa/.rvm/gems/ruby-1.8.7-p302@renren/gems/rails-2.3.9/lib/commands/server.rb:111
    /home/rafa/.rvm/rubies/ruby-1.8.7-p302/lib/ruby/site_ruby/1.8/rubygems/custom_require.rb:31:in `gem_original_require'
    /home/rafa/.rvm/rubies/ruby-1.8.7-p302/lib/ruby/site_ruby/1.8/rubygems/custom_require.rb:31:in `require'
    script/server:3
/!\ FAILSAFE /!\  Thu Nov 25 19:01:55 +0100 2010
  Status: 500 Internal Server Error
  no such file to load -- sqlite3
    /home/rafa/.rvm/rubies/ruby-1.8.7-p302/lib/ruby/site_ruby/1.8/rubygems/custom_require.rb:31:in `gem_original_require'
    /home/rafa/.rvm/rubies/ruby-1.8.7-p302/lib/ruby/site_ruby/1.8/rubygems/custom_require.rb:31:in `require'
    /home/rafa/.rvm/gems/ruby-1.8.7-p302@renren/gems/activesupport-2.3.9/lib/active_support/dependencies.rb:182:in `require'
    /home/rafa/.rvm/gems/ruby-1.8.7-p302@renren/gems/activesupport-2.3.9/lib/active_support/dependencies.rb:547:in `new_constants_in'
    /home/rafa/.rvm/gems/ruby-1.8.7-p302@renren/gems/activesupport-2.3.9/lib/active_support/dependencies.rb:182:in `require'
    /home/rafa/.rvm/gems/ruby-1.8.7-p302@renren/gems/activesupport-2.3.9/lib/active_support/core_ext/kernel/requires.rb:7:in `require_library_or_gem'
    /home/rafa/.rvm/gems/ruby-1.8.7-p302@renren/gems/activesupport-2.3.9/lib/active_support/core_ext/kernel/reporting.rb:11:in `silence_warnings'
    /home/rafa/.rvm/gems/ruby-1.8.7-p302@renren/gems/activesupport-2.3.9/lib/active_support/core_ext/kernel/requires.rb:5:in `require_library_or_gem'
    /home/rafa/.rvm/gems/ruby-1.8.7-p302@renren/gems/activerecord-2.3.9/lib/active_record/connection_adapters/sqlite3_adapter.rb:10:in `sqlite3_connection'
    /home/rafa/.rvm/gems/ruby-1.8.7-p302@renren/gems/activerecord-2.3.9/lib/active_record/connection_adapters/abstract/connection_pool.rb:223:in `send'
    /home/rafa/.rvm/gems/ruby-1.8.7-p302@renren/gems/activerecord-2.3.9/lib/active_record/connection_adapters/abstract/connection_pool.rb:223:in `new_connection'
    /home/rafa/.rvm/gems/ruby-1.8.7-p302@renren/gems/activerecord-2.3.9/lib/active_record/connection_adapters/abstract/connection_pool.rb:245:in `checkout_new_connection'
    /home/rafa/.rvm/gems/ruby-1.8.7-p302@renren/gems/activerecord-2.3.9/lib/active_record/connection_adapters/abstract/connection_pool.rb:188:in `checkout'
    /home/rafa/.rvm/gems/ruby-1.8.7-p302@renren/gems/activerecord-2.3.9/lib/active_record/connection_adapters/abstract/connection_pool.rb:184:in `loop'
    /home/rafa/.rvm/gems/ruby-1.8.7-p302@renren/gems/activerecord-2.3.9/lib/active_record/connection_adapters/abstract/connection_pool.rb:184:in `checkout'
    /home/rafa/.rvm/rubies/ruby-1.8.7-p302/lib/ruby/1.8/monitor.rb:242:in `synchronize'
    /home/rafa/.rvm/gems/ruby-1.8.7-p302@renren/gems/activerecord-2.3.9/lib/active_record/connection_adapters/abstract/connection_pool.rb:183:in `checkout'
    /home/rafa/.rvm/gems/ruby-1.8.7-p302@renren/gems/activerecord-2.3.9/lib/active_record/connection_adapters/abstract/connection_pool.rb:98:in `connection'
    /home/rafa/.rvm/gems/ruby-1.8.7-p302@renren/gems/activerecord-2.3.9/lib/active_record/connection_adapters/abstract/connection_pool.rb:326:in `retrieve_connection'
    /home/rafa/.rvm/gems/ruby-1.8.7-p302@renren/gems/activerecord-2.3.9/lib/active_record/connection_adapters/abstract/connection_specification.rb:123:in `retrieve_connection'
    /home/rafa/.rvm/gems/ruby-1.8.7-p302@renren/gems/activerecord-2.3.9/lib/active_record/connection_adapters/abstract/connection_specification.rb:115:in `connection'
    /home/rafa/.rvm/gems/ruby-1.8.7-p302@renren/gems/activerecord-2.3.9/lib/active_record/query_cache.rb:9:in `cache'
    /home/rafa/.rvm/gems/ruby-1.8.7-p302@renren/gems/activerecord-2.3.9/lib/active_record/query_cache.rb:28:in `call'
    /home/rafa/.rvm/gems/ruby-1.8.7-p302@renren/gems/activerecord-2.3.9/lib/active_record/connection_adapters/abstract/connection_pool.rb:361:in `call'
    /home/rafa/.rvm/gems/ruby-1.8.7-p302@renren/gems/actionpack-2.3.9/lib/action_controller/string_coercion.rb:25:in `call'
    /home/rafa/.rvm/gems/ruby-1.8.7-p302@renren/gems/rack-1.1.0/lib/rack/head.rb:9:in `call'
    /home/rafa/.rvm/gems/ruby-1.8.7-p302@renren/gems/rack-1.1.0/lib/rack/methodoverride.rb:24:in `call'
    /home/rafa/.rvm/gems/ruby-1.8.7-p302@renren/gems/actionpack-2.3.9/lib/action_controller/params_parser.rb:15:in `call'
    /home/rafa/.rvm/gems/ruby-1.8.7-p302@renren/gems/actionpack-2.3.9/lib/action_controller/session/cookie_store.rb:100:in `call'
    /home/rafa/.rvm/gems/ruby-1.8.7-p302@renren/gems/actionpack-2.3.9/lib/action_controller/failsafe.rb:26:in `call'
    /home/rafa/.rvm/gems/ruby-1.8.7-p302@renren/gems/rack-1.1.0/lib/rack/lock.rb:11:in `call'
    /home/rafa/.rvm/gems/ruby-1.8.7-p302@renren/gems/rack-1.1.0/lib/rack/lock.rb:11:in `synchronize'
    /home/rafa/.rvm/gems/ruby-1.8.7-p302@renren/gems/rack-1.1.0/lib/rack/lock.rb:11:in `call'
    /home/rafa/.rvm/gems/ruby-1.8.7-p302@renren/gems/actionpack-2.3.9/lib/action_controller/dispatcher.rb:114:in `call'
    /home/rafa/.rvm/gems/ruby-1.8.7-p302@renren/gems/actionpack-2.3.9/lib/action_controller/reloader.rb:34:in `run'
    /home/rafa/.rvm/gems/ruby-1.8.7-p302@renren/gems/actionpack-2.3.9/lib/action_controller/dispatcher.rb:108:in `call'
    /home/rafa/.rvm/gems/ruby-1.8.7-p302@renren/gems/rails-2.3.9/lib/rails/rack/static.rb:31:in `call'
    /home/rafa/.rvm/gems/ruby-1.8.7-p302@renren/gems/rack-1.1.0/lib/rack/urlmap.rb:47:in `call'
    /home/rafa/.rvm/gems/ruby-1.8.7-p302@renren/gems/rack-1.1.0/lib/rack/urlmap.rb:41:in `each'
    /home/rafa/.rvm/gems/ruby-1.8.7-p302@renren/gems/rack-1.1.0/lib/rack/urlmap.rb:41:in `call'
    /home/rafa/.rvm/gems/ruby-1.8.7-p302@renren/gems/rack-1.1.0/lib/rack/content_length.rb:13:in `call'
    /home/rafa/.rvm/gems/ruby-1.8.7-p302@renren/gems/rack-1.1.0/lib/rack/chunked.rb:15:in `call'
    /home/rafa/.rvm/gems/ruby-1.8.7-p302@renren/gems/rack-1.1.0/lib/rack/handler/mongrel.rb:67:in `process'
    /home/rafa/.rvm/gems/ruby-1.8.7-p302@global/gems/mongrel-1.1.5/lib/mongrel.rb:159:in `process_client'
    /home/rafa/.rvm/gems/ruby-1.8.7-p302@global/gems/mongrel-1.1.5/lib/mongrel.rb:158:in `each'
    /home/rafa/.rvm/gems/ruby-1.8.7-p302@global/gems/mongrel-1.1.5/lib/mongrel.rb:158:in `process_client'
    /home/rafa/.rvm/gems/ruby-1.8.7-p302@global/gems/mongrel-1.1.5/lib/mongrel.rb:285:in `run'
    /home/rafa/.rvm/gems/ruby-1.8.7-p302@global/gems/mongrel-1.1.5/lib/mongrel.rb:285:in `initialize'
    /home/rafa/.rvm/gems/ruby-1.8.7-p302@global/gems/mongrel-1.1.5/lib/mongrel.rb:285:in `new'
    /home/rafa/.rvm/gems/ruby-1.8.7-p302@global/gems/mongrel-1.1.5/lib/mongrel.rb:285:in `run'
    /home/rafa/.rvm/gems/ruby-1.8.7-p302@global/gems/mongrel-1.1.5/lib/mongrel.rb:268:in `initialize'
    /home/rafa/.rvm/gems/ruby-1.8.7-p302@global/gems/mongrel-1.1.5/lib/mongrel.rb:268:in `new'
    /home/rafa/.rvm/gems/ruby-1.8.7-p302@global/gems/mongrel-1.1.5/lib/mongrel.rb:268:in `run'
    /home/rafa/.rvm/gems/ruby-1.8.7-p302@renren/gems/rack-1.1.0/lib/rack/handler/mongrel.rb:38:in `run'
    /home/rafa/.rvm/gems/ruby-1.8.7-p302@renren/gems/rails-2.3.9/lib/commands/server.rb:111
    /home/rafa/.rvm/rubies/ruby-1.8.7-p302/lib/ruby/site_ruby/1.8/rubygems/custom_require.rb:31:in `gem_original_require'
    /home/rafa/.rvm/rubies/ruby-1.8.7-p302/lib/ruby/site_ruby/1.8/rubygems/custom_require.rb:31:in `require'
    script/server:3
/!\ FAILSAFE /!\  Thu Nov 25 19:10:28 +0100 2010
  Status: 500 Internal Server Error
  no such file to load -- sqlite3
    /home/rafa/.rvm/rubies/ruby-1.8.7-p302/lib/ruby/site_ruby/1.8/rubygems/custom_require.rb:31:in `gem_original_require'
    /home/rafa/.rvm/rubies/ruby-1.8.7-p302/lib/ruby/site_ruby/1.8/rubygems/custom_require.rb:31:in `require'
    /home/rafa/.rvm/gems/ruby-1.8.7-p302@renren/gems/activesupport-2.3.9/lib/active_support/dependencies.rb:182:in `require'
    /home/rafa/.rvm/gems/ruby-1.8.7-p302@renren/gems/activesupport-2.3.9/lib/active_support/dependencies.rb:547:in `new_constants_in'
    /home/rafa/.rvm/gems/ruby-1.8.7-p302@renren/gems/activesupport-2.3.9/lib/active_support/dependencies.rb:182:in `require'
    /home/rafa/.rvm/gems/ruby-1.8.7-p302@renren/gems/activesupport-2.3.9/lib/active_support/core_ext/kernel/requires.rb:7:in `require_library_or_gem'
    /home/rafa/.rvm/gems/ruby-1.8.7-p302@renren/gems/activesupport-2.3.9/lib/active_support/core_ext/kernel/reporting.rb:11:in `silence_warnings'
    /home/rafa/.rvm/gems/ruby-1.8.7-p302@renren/gems/activesupport-2.3.9/lib/active_support/core_ext/kernel/requires.rb:5:in `require_library_or_gem'
    /home/rafa/.rvm/gems/ruby-1.8.7-p302@renren/gems/activerecord-2.3.9/lib/active_record/connection_adapters/sqlite3_adapter.rb:10:in `sqlite3_connection'
    /home/rafa/.rvm/gems/ruby-1.8.7-p302@renren/gems/activerecord-2.3.9/lib/active_record/connection_adapters/abstract/connection_pool.rb:223:in `send'
    /home/rafa/.rvm/gems/ruby-1.8.7-p302@renren/gems/activerecord-2.3.9/lib/active_record/connection_adapters/abstract/connection_pool.rb:223:in `new_connection'
    /home/rafa/.rvm/gems/ruby-1.8.7-p302@renren/gems/activerecord-2.3.9/lib/active_record/connection_adapters/abstract/connection_pool.rb:245:in `checkout_new_connection'
    /home/rafa/.rvm/gems/ruby-1.8.7-p302@renren/gems/activerecord-2.3.9/lib/active_record/connection_adapters/abstract/connection_pool.rb:188:in `checkout'
    /home/rafa/.rvm/gems/ruby-1.8.7-p302@renren/gems/activerecord-2.3.9/lib/active_record/connection_adapters/abstract/connection_pool.rb:184:in `loop'
    /home/rafa/.rvm/gems/ruby-1.8.7-p302@renren/gems/activerecord-2.3.9/lib/active_record/connection_adapters/abstract/connection_pool.rb:184:in `checkout'
    /home/rafa/.rvm/rubies/ruby-1.8.7-p302/lib/ruby/1.8/monitor.rb:242:in `synchronize'
    /home/rafa/.rvm/gems/ruby-1.8.7-p302@renren/gems/activerecord-2.3.9/lib/active_record/connection_adapters/abstract/connection_pool.rb:183:in `checkout'
    /home/rafa/.rvm/gems/ruby-1.8.7-p302@renren/gems/activerecord-2.3.9/lib/active_record/connection_adapters/abstract/connection_pool.rb:98:in `connection'
    /home/rafa/.rvm/gems/ruby-1.8.7-p302@renren/gems/activerecord-2.3.9/lib/active_record/connection_adapters/abstract/connection_pool.rb:326:in `retrieve_connection'
    /home/rafa/.rvm/gems/ruby-1.8.7-p302@renren/gems/activerecord-2.3.9/lib/active_record/connection_adapters/abstract/connection_specification.rb:123:in `retrieve_connection'
    /home/rafa/.rvm/gems/ruby-1.8.7-p302@renren/gems/activerecord-2.3.9/lib/active_record/connection_adapters/abstract/connection_specification.rb:115:in `connection'
    /home/rafa/.rvm/gems/ruby-1.8.7-p302@renren/gems/activerecord-2.3.9/lib/active_record/query_cache.rb:9:in `cache'
    /home/rafa/.rvm/gems/ruby-1.8.7-p302@renren/gems/activerecord-2.3.9/lib/active_record/query_cache.rb:28:in `call'
    /home/rafa/.rvm/gems/ruby-1.8.7-p302@renren/gems/activerecord-2.3.9/lib/active_record/connection_adapters/abstract/connection_pool.rb:361:in `call'
    /home/rafa/.rvm/gems/ruby-1.8.7-p302@renren/gems/actionpack-2.3.9/lib/action_controller/string_coercion.rb:25:in `call'
    /home/rafa/.rvm/gems/ruby-1.8.7-p302@renren/gems/rack-1.1.0/lib/rack/head.rb:9:in `call'
    /home/rafa/.rvm/gems/ruby-1.8.7-p302@renren/gems/rack-1.1.0/lib/rack/methodoverride.rb:24:in `call'
    /home/rafa/.rvm/gems/ruby-1.8.7-p302@renren/gems/actionpack-2.3.9/lib/action_controller/params_parser.rb:15:in `call'
    /home/rafa/.rvm/gems/ruby-1.8.7-p302@renren/gems/actionpack-2.3.9/lib/action_controller/session/cookie_store.rb:100:in `call'
    /home/rafa/.rvm/gems/ruby-1.8.7-p302@renren/gems/actionpack-2.3.9/lib/action_controller/failsafe.rb:26:in `call'
    /home/rafa/.rvm/gems/ruby-1.8.7-p302@renren/gems/rack-1.1.0/lib/rack/lock.rb:11:in `call'
    /home/rafa/.rvm/gems/ruby-1.8.7-p302@renren/gems/rack-1.1.0/lib/rack/lock.rb:11:in `synchronize'
    /home/rafa/.rvm/gems/ruby-1.8.7-p302@renren/gems/rack-1.1.0/lib/rack/lock.rb:11:in `call'
    /home/rafa/.rvm/gems/ruby-1.8.7-p302@renren/gems/actionpack-2.3.9/lib/action_controller/dispatcher.rb:114:in `call'
    /home/rafa/.rvm/gems/ruby-1.8.7-p302@renren/gems/actionpack-2.3.9/lib/action_controller/reloader.rb:34:in `run'
    /home/rafa/.rvm/gems/ruby-1.8.7-p302@renren/gems/actionpack-2.3.9/lib/action_controller/dispatcher.rb:108:in `call'
    /home/rafa/.rvm/gems/ruby-1.8.7-p302@renren/gems/rails-2.3.9/lib/rails/rack/static.rb:31:in `call'
    /home/rafa/.rvm/gems/ruby-1.8.7-p302@renren/gems/rack-1.1.0/lib/rack/urlmap.rb:47:in `call'
    /home/rafa/.rvm/gems/ruby-1.8.7-p302@renren/gems/rack-1.1.0/lib/rack/urlmap.rb:41:in `each'
    /home/rafa/.rvm/gems/ruby-1.8.7-p302@renren/gems/rack-1.1.0/lib/rack/urlmap.rb:41:in `call'
    /home/rafa/.rvm/gems/ruby-1.8.7-p302@renren/gems/rack-1.1.0/lib/rack/content_length.rb:13:in `call'
    /home/rafa/.rvm/gems/ruby-1.8.7-p302@renren/gems/rack-1.1.0/lib/rack/chunked.rb:15:in `call'
    /home/rafa/.rvm/gems/ruby-1.8.7-p302@renren/gems/rack-1.1.0/lib/rack/handler/mongrel.rb:67:in `process'
    /home/rafa/.rvm/gems/ruby-1.8.7-p302@global/gems/mongrel-1.1.5/lib/mongrel.rb:159:in `process_client'
    /home/rafa/.rvm/gems/ruby-1.8.7-p302@global/gems/mongrel-1.1.5/lib/mongrel.rb:158:in `each'
    /home/rafa/.rvm/gems/ruby-1.8.7-p302@global/gems/mongrel-1.1.5/lib/mongrel.rb:158:in `process_client'
    /home/rafa/.rvm/gems/ruby-1.8.7-p302@global/gems/mongrel-1.1.5/lib/mongrel.rb:285:in `run'
    /home/rafa/.rvm/gems/ruby-1.8.7-p302@global/gems/mongrel-1.1.5/lib/mongrel.rb:285:in `initialize'
    /home/rafa/.rvm/gems/ruby-1.8.7-p302@global/gems/mongrel-1.1.5/lib/mongrel.rb:285:in `new'
    /home/rafa/.rvm/gems/ruby-1.8.7-p302@global/gems/mongrel-1.1.5/lib/mongrel.rb:285:in `run'
    /home/rafa/.rvm/gems/ruby-1.8.7-p302@global/gems/mongrel-1.1.5/lib/mongrel.rb:268:in `initialize'
    /home/rafa/.rvm/gems/ruby-1.8.7-p302@global/gems/mongrel-1.1.5/lib/mongrel.rb:268:in `new'
    /home/rafa/.rvm/gems/ruby-1.8.7-p302@global/gems/mongrel-1.1.5/lib/mongrel.rb:268:in `run'
    /home/rafa/.rvm/gems/ruby-1.8.7-p302@renren/gems/rack-1.1.0/lib/rack/handler/mongrel.rb:38:in `run'
    /home/rafa/.rvm/gems/ruby-1.8.7-p302@renren/gems/rails-2.3.9/lib/commands/server.rb:111
    /home/rafa/.rvm/rubies/ruby-1.8.7-p302/lib/ruby/site_ruby/1.8/rubygems/custom_require.rb:31:in `gem_original_require'
    /home/rafa/.rvm/rubies/ruby-1.8.7-p302/lib/ruby/site_ruby/1.8/rubygems/custom_require.rb:31:in `require'
    script/server:3


Processing HomeController#index (for 127.0.0.1 at 2010-11-25 19:15:19) [GET]
Rendering home/index
Completed in 52ms (View: 51, DB: 0) | 200 OK [http://localhost/home]


Processing ApplicationController#index (for 127.0.0.1 at 2011-01-20 17:10:18) [GET]

NameError (undefined local variable or method `acts_as_xiaonei_controller' for HomeController:Class):
  app/controllers/home_controller.rb:2

Rendered rescues/_trace (60.7ms)
Rendered rescues/_request_and_response (0.9ms)
Rendering rescues/layout (internal_server_error)


Processing HomeController#index (for 127.0.0.1 at 2011-01-20 17:10:31) [GET]
Rendering home/index
Completed in 76ms (View: 73, DB: 0) | 200 OK [http://localhost/home]


Processing HomeController#index (for 127.0.0.1 at 2011-01-20 17:13:57) [GET]
Rendering template within layouts/application
Rendering home/index
Completed in 10ms (View: 8, DB: 0) | 200 OK [http://localhost/home]


Processing HomeController#index (for 127.0.0.1 at 2011-01-20 17:15:10) [GET]
Rendering template within layouts/application
Rendering home/index
Completed in 5ms (View: 2, DB: 0) | 200 OK [http://localhost/home]


Processing HomeController#index (for 127.0.0.1 at 2011-01-20 17:22:03) [GET]
Rendering template within layouts/application
Rendering home/index
Completed in 5ms (View: 3, DB: 0) | 200 OK [http://localhost/home]


Processing HomeController#index (for 127.0.0.1 at 2011-01-20 17:23:31) [GET]
Rendering template within layouts/application
Rendering home/index
Completed in 9ms (View: 6, DB: 0) | 200 OK [http://localhost/home]


Processing HomeController#index (for 127.0.0.1 at 2011-01-20 17:25:57) [GET]

MissingSourceFile (no such file to load -- ruby-debug):
  app/controllers/home_controller.rb:3:in `index'

Rendered rescues/_trace (62.7ms)
Rendered rescues/_request_and_response (0.2ms)
Rendering rescues/layout (internal_server_error)


Processing HomeController#index (for 127.0.0.1 at 2011-01-20 17:26:04) [GET]

NoMethodError (undefined method `invoke_method' for nil:NilClass):
  app/controllers/home_controller.rb:3:in `index'

Rendered rescues/_trace (26.3ms)
Rendered rescues/_request_and_response (0.2ms)
Rendering rescues/layout (internal_server_error)


Processing HomeController#index (for 127.0.0.1 at 2011-01-20 17:28:45) [GET]

NoMethodError (undefined method `invoke_method' for nil:NilClass):
  app/controllers/home_controller.rb:5:in `index'

Rendered rescues/_trace (63.5ms)
Rendered rescues/_request_and_response (0.2ms)
Rendering rescues/layout (internal_server_error)


Processing HomeController#index (for 127.0.0.1 at 2011-01-20 17:28:48) [GET]

NoMethodError (undefined method `invoke_method' for nil:NilClass):
  app/controllers/home_controller.rb:5:in `index'

Rendered rescues/_trace (32.9ms)
Rendered rescues/_request_and_response (0.2ms)
Rendering rescues/layout (internal_server_error)


Processing HomeController#index (for 127.0.0.1 at 2011-01-20 17:30:57) [GET]

NoMethodError (undefined method `invoke_method' for nil:NilClass):
  app/controllers/home_controller.rb:5:in `index'

Rendered rescues/_trace (26.1ms)
Rendered rescues/_request_and_response (0.2ms)
Rendering rescues/layout (internal_server_error)


Processing HomeController#index (for 127.0.0.1 at 2011-01-20 17:34:42) [GET]

MissingSourceFile (no such file to load -- ruby-debug):
  app/controllers/home_controller.rb:5:in `index'

Rendered rescues/_trace (28.1ms)
Rendered rescues/_request_and_response (0.2ms)
Rendering rescues/layout (internal_server_error)


Processing HomeController#index (for 127.0.0.1 at 2011-01-20 17:36:06) [GET]

NoMethodError (undefined method `invoke_method' for nil:NilClass):
  app/controllers/home_controller.rb:6:in `index'

Rendered rescues/_trace (43.6ms)
Rendered rescues/_request_and_response (1.1ms)
Rendering rescues/layout (internal_server_error)


Processing HomeController#index (for 127.0.0.1 at 2011-01-20 17:36:45) [GET]
Rendering template within layouts/application
Rendering home/index
Completed in 12116ms (View: 20, DB: 0) | 200 OK [http://localhost/home]
/!\ FAILSAFE /!\  Thu Jan 20 23:53:35 +0100 2011
  Status: 500 Internal Server Error
  no such file to load -- sqlite3
    /home/edu/.rvm/rubies/ruby-1.8.7-p302/lib/ruby/site_ruby/1.8/rubygems/custom_require.rb:31:in `gem_original_require'
    /home/edu/.rvm/rubies/ruby-1.8.7-p302/lib/ruby/site_ruby/1.8/rubygems/custom_require.rb:31:in `require'
    /home/edu/.rvm/gems/ruby-1.8.7-p302@customizables/gems/activesupport-2.3.8/lib/active_support/dependencies.rb:156:in `require'
    /home/edu/.rvm/gems/ruby-1.8.7-p302@customizables/gems/activesupport-2.3.8/lib/active_support/dependencies.rb:521:in `new_constants_in'
    /home/edu/.rvm/gems/ruby-1.8.7-p302@customizables/gems/activesupport-2.3.8/lib/active_support/dependencies.rb:156:in `require'
    /home/edu/.rvm/gems/ruby-1.8.7-p302@customizables/gems/activesupport-2.3.8/lib/active_support/core_ext/kernel/requires.rb:7:in `require_library_or_gem'
    /home/edu/.rvm/gems/ruby-1.8.7-p302@customizables/gems/activesupport-2.3.8/lib/active_support/core_ext/kernel/reporting.rb:11:in `silence_warnings'
    /home/edu/.rvm/gems/ruby-1.8.7-p302@customizables/gems/activesupport-2.3.8/lib/active_support/core_ext/kernel/requires.rb:5:in `require_library_or_gem'
    /home/edu/.rvm/gems/ruby-1.8.7-p302@customizables/gems/activerecord-2.3.8/lib/active_record/connection_adapters/sqlite3_adapter.rb:10:in `sqlite3_connection'
    /home/edu/.rvm/gems/ruby-1.8.7-p302@customizables/gems/activerecord-2.3.8/lib/active_record/connection_adapters/abstract/connection_pool.rb:223:in `send'
    /home/edu/.rvm/gems/ruby-1.8.7-p302@customizables/gems/activerecord-2.3.8/lib/active_record/connection_adapters/abstract/connection_pool.rb:223:in `new_connection'
    /home/edu/.rvm/gems/ruby-1.8.7-p302@customizables/gems/activerecord-2.3.8/lib/active_record/connection_adapters/abstract/connection_pool.rb:245:in `checkout_new_connection'
    /home/edu/.rvm/gems/ruby-1.8.7-p302@customizables/gems/activerecord-2.3.8/lib/active_record/connection_adapters/abstract/connection_pool.rb:188:in `checkout'
    /home/edu/.rvm/gems/ruby-1.8.7-p302@customizables/gems/activerecord-2.3.8/lib/active_record/connection_adapters/abstract/connection_pool.rb:184:in `loop'
    /home/edu/.rvm/gems/ruby-1.8.7-p302@customizables/gems/activerecord-2.3.8/lib/active_record/connection_adapters/abstract/connection_pool.rb:184:in `checkout'
    /home/edu/.rvm/rubies/ruby-1.8.7-p302/lib/ruby/1.8/monitor.rb:242:in `synchronize'
    /home/edu/.rvm/gems/ruby-1.8.7-p302@customizables/gems/activerecord-2.3.8/lib/active_record/connection_adapters/abstract/connection_pool.rb:183:in `checkout'
    /home/edu/.rvm/gems/ruby-1.8.7-p302@customizables/gems/activerecord-2.3.8/lib/active_record/connection_adapters/abstract/connection_pool.rb:98:in `connection'
    /home/edu/.rvm/gems/ruby-1.8.7-p302@customizables/gems/activerecord-2.3.8/lib/active_record/connection_adapters/abstract/connection_pool.rb:326:in `retrieve_connection'
    /home/edu/.rvm/gems/ruby-1.8.7-p302@customizables/gems/activerecord-2.3.8/lib/active_record/connection_adapters/abstract/connection_specification.rb:123:in `retrieve_connection'
    /home/edu/.rvm/gems/ruby-1.8.7-p302@customizables/gems/activerecord-2.3.8/lib/active_record/connection_adapters/abstract/connection_specification.rb:115:in `connection'
    /home/edu/.rvm/gems/ruby-1.8.7-p302@customizables/gems/activerecord-2.3.8/lib/active_record/query_cache.rb:9:in `cache'
    /home/edu/.rvm/gems/ruby-1.8.7-p302@customizables/gems/activerecord-2.3.8/lib/active_record/query_cache.rb:28:in `call'
    /home/edu/.rvm/gems/ruby-1.8.7-p302@customizables/gems/activerecord-2.3.8/lib/active_record/connection_adapters/abstract/connection_pool.rb:361:in `call'
    /home/edu/.rvm/gems/ruby-1.8.7-p302@customizables/gems/actionpack-2.3.8/lib/action_controller/string_coercion.rb:25:in `call'
    /home/edu/.rvm/gems/ruby-1.8.7-p302@customizables/gems/rack-1.1.0/lib/rack/head.rb:9:in `call'
    /home/edu/.rvm/gems/ruby-1.8.7-p302@customizables/gems/rack-1.1.0/lib/rack/methodoverride.rb:24:in `call'
    /home/edu/.rvm/gems/ruby-1.8.7-p302@customizables/gems/actionpack-2.3.8/lib/action_controller/params_parser.rb:15:in `call'
    /home/edu/.rvm/gems/ruby-1.8.7-p302@customizables/gems/actionpack-2.3.8/lib/action_controller/session/cookie_store.rb:99:in `call'
    /home/edu/.rvm/gems/ruby-1.8.7-p302@customizables/gems/actionpack-2.3.8/lib/action_controller/failsafe.rb:26:in `call'
    /home/edu/.rvm/gems/ruby-1.8.7-p302@customizables/gems/rack-1.1.0/lib/rack/lock.rb:11:in `call'
    /home/edu/.rvm/gems/ruby-1.8.7-p302@customizables/gems/rack-1.1.0/lib/rack/lock.rb:11:in `synchronize'
    /home/edu/.rvm/gems/ruby-1.8.7-p302@customizables/gems/rack-1.1.0/lib/rack/lock.rb:11:in `call'
    /home/edu/.rvm/gems/ruby-1.8.7-p302@customizables/gems/actionpack-2.3.8/lib/action_controller/dispatcher.rb:114:in `call'
    /home/edu/.rvm/gems/ruby-1.8.7-p302@customizables/gems/actionpack-2.3.8/lib/action_controller/reloader.rb:34:in `run'
    /home/edu/.rvm/gems/ruby-1.8.7-p302@customizables/gems/actionpack-2.3.8/lib/action_controller/dispatcher.rb:108:in `call'
    /home/edu/.rvm/gems/ruby-1.8.7-p302@customizables/gems/rails-2.3.8/lib/rails/rack/static.rb:31:in `call'
    /home/edu/.rvm/gems/ruby-1.8.7-p302@customizables/gems/rack-1.1.0/lib/rack/urlmap.rb:47:in `call'
    /home/edu/.rvm/gems/ruby-1.8.7-p302@customizables/gems/rack-1.1.0/lib/rack/urlmap.rb:41:in `each'
    /home/edu/.rvm/gems/ruby-1.8.7-p302@customizables/gems/rack-1.1.0/lib/rack/urlmap.rb:41:in `call'
    /home/edu/.rvm/gems/ruby-1.8.7-p302@customizables/gems/rails-2.3.8/lib/rails/rack/log_tailer.rb:17:in `call'
    /home/edu/.rvm/gems/ruby-1.8.7-p302@customizables/gems/rack-1.1.0/lib/rack/content_length.rb:13:in `call'
    /home/edu/.rvm/gems/ruby-1.8.7-p302@customizables/gems/rack-1.1.0/lib/rack/chunked.rb:15:in `call'
    /home/edu/.rvm/gems/ruby-1.8.7-p302@customizables/gems/rack-1.1.0/lib/rack/handler/mongrel.rb:67:in `process'
    /home/edu/.rvm/gems/ruby-1.8.7-p302@customizables/gems/mongrel-1.1.5/lib/mongrel.rb:159:in `process_client'
    /home/edu/.rvm/gems/ruby-1.8.7-p302@customizables/gems/mongrel-1.1.5/lib/mongrel.rb:158:in `each'
    /home/edu/.rvm/gems/ruby-1.8.7-p302@customizables/gems/mongrel-1.1.5/lib/mongrel.rb:158:in `process_client'
    /home/edu/.rvm/gems/ruby-1.8.7-p302@customizables/gems/mongrel-1.1.5/lib/mongrel.rb:285:in `run'
    /home/edu/.rvm/gems/ruby-1.8.7-p302@customizables/gems/mongrel-1.1.5/lib/mongrel.rb:285:in `initialize'
    /home/edu/.rvm/gems/ruby-1.8.7-p302@customizables/gems/mongrel-1.1.5/lib/mongrel.rb:285:in `new'
    /home/edu/.rvm/gems/ruby-1.8.7-p302@customizables/gems/mongrel-1.1.5/lib/mongrel.rb:285:in `run'
    /home/edu/.rvm/gems/ruby-1.8.7-p302@customizables/gems/mongrel-1.1.5/lib/mongrel.rb:268:in `initialize'
    /home/edu/.rvm/gems/ruby-1.8.7-p302@customizables/gems/mongrel-1.1.5/lib/mongrel.rb:268:in `new'
    /home/edu/.rvm/gems/ruby-1.8.7-p302@customizables/gems/mongrel-1.1.5/lib/mongrel.rb:268:in `run'
    /home/edu/.rvm/gems/ruby-1.8.7-p302@customizables/gems/rack-1.1.0/lib/rack/handler/mongrel.rb:38:in `run'
    /home/edu/.rvm/gems/ruby-1.8.7-p302@customizables/gems/rails-2.3.8/lib/commands/server.rb:111
    /home/edu/.rvm/rubies/ruby-1.8.7-p302/lib/ruby/site_ruby/1.8/rubygems/custom_require.rb:31:in `gem_original_require'
    /home/edu/.rvm/rubies/ruby-1.8.7-p302/lib/ruby/site_ruby/1.8/rubygems/custom_require.rb:31:in `require'
    ./script/server:3
/!\ FAILSAFE /!\  Thu Jan 20 23:59:54 +0100 2011
  Status: 500 Internal Server Error
  no such file to load -- sqlite3
    /home/edu/.rvm/rubies/ruby-1.8.7-p302/lib/ruby/site_ruby/1.8/rubygems/custom_require.rb:31:in `gem_original_require'
    /home/edu/.rvm/rubies/ruby-1.8.7-p302/lib/ruby/site_ruby/1.8/rubygems/custom_require.rb:31:in `require'
    /home/edu/.rvm/gems/ruby-1.8.7-p302@customizables/gems/activesupport-2.3.8/lib/active_support/dependencies.rb:156:in `require'
    /home/edu/.rvm/gems/ruby-1.8.7-p302@customizables/gems/activesupport-2.3.8/lib/active_support/dependencies.rb:521:in `new_constants_in'
    /home/edu/.rvm/gems/ruby-1.8.7-p302@customizables/gems/activesupport-2.3.8/lib/active_support/dependencies.rb:156:in `require'
    /home/edu/.rvm/gems/ruby-1.8.7-p302@customizables/gems/activesupport-2.3.8/lib/active_support/core_ext/kernel/requires.rb:7:in `require_library_or_gem'
    /home/edu/.rvm/gems/ruby-1.8.7-p302@customizables/gems/activesupport-2.3.8/lib/active_support/core_ext/kernel/reporting.rb:11:in `silence_warnings'
    /home/edu/.rvm/gems/ruby-1.8.7-p302@customizables/gems/activesupport-2.3.8/lib/active_support/core_ext/kernel/requires.rb:5:in `require_library_or_gem'
    /home/edu/.rvm/gems/ruby-1.8.7-p302@customizables/gems/activerecord-2.3.8/lib/active_record/connection_adapters/sqlite3_adapter.rb:10:in `sqlite3_connection'
    /home/edu/.rvm/gems/ruby-1.8.7-p302@customizables/gems/activerecord-2.3.8/lib/active_record/connection_adapters/abstract/connection_pool.rb:223:in `send'
    /home/edu/.rvm/gems/ruby-1.8.7-p302@customizables/gems/activerecord-2.3.8/lib/active_record/connection_adapters/abstract/connection_pool.rb:223:in `new_connection'
    /home/edu/.rvm/gems/ruby-1.8.7-p302@customizables/gems/activerecord-2.3.8/lib/active_record/connection_adapters/abstract/connection_pool.rb:245:in `checkout_new_connection'
    /home/edu/.rvm/gems/ruby-1.8.7-p302@customizables/gems/activerecord-2.3.8/lib/active_record/connection_adapters/abstract/connection_pool.rb:188:in `checkout'
    /home/edu/.rvm/gems/ruby-1.8.7-p302@customizables/gems/activerecord-2.3.8/lib/active_record/connection_adapters/abstract/connection_pool.rb:184:in `loop'
    /home/edu/.rvm/gems/ruby-1.8.7-p302@customizables/gems/activerecord-2.3.8/lib/active_record/connection_adapters/abstract/connection_pool.rb:184:in `checkout'
    /home/edu/.rvm/rubies/ruby-1.8.7-p302/lib/ruby/1.8/monitor.rb:242:in `synchronize'
    /home/edu/.rvm/gems/ruby-1.8.7-p302@customizables/gems/activerecord-2.3.8/lib/active_record/connection_adapters/abstract/connection_pool.rb:183:in `checkout'
    /home/edu/.rvm/gems/ruby-1.8.7-p302@customizables/gems/activerecord-2.3.8/lib/active_record/connection_adapters/abstract/connection_pool.rb:98:in `connection'
    /home/edu/.rvm/gems/ruby-1.8.7-p302@customizables/gems/activerecord-2.3.8/lib/active_record/connection_adapters/abstract/connection_pool.rb:326:in `retrieve_connection'
    /home/edu/.rvm/gems/ruby-1.8.7-p302@customizables/gems/activerecord-2.3.8/lib/active_record/connection_adapters/abstract/connection_specification.rb:123:in `retrieve_connection'
    /home/edu/.rvm/gems/ruby-1.8.7-p302@customizables/gems/activerecord-2.3.8/lib/active_record/connection_adapters/abstract/connection_specification.rb:115:in `connection'
    /home/edu/.rvm/gems/ruby-1.8.7-p302@customizables/gems/activerecord-2.3.8/lib/active_record/query_cache.rb:9:in `cache'
    /home/edu/.rvm/gems/ruby-1.8.7-p302@customizables/gems/activerecord-2.3.8/lib/active_record/query_cache.rb:28:in `call'
    /home/edu/.rvm/gems/ruby-1.8.7-p302@customizables/gems/activerecord-2.3.8/lib/active_record/connection_adapters/abstract/connection_pool.rb:361:in `call'
    /home/edu/.rvm/gems/ruby-1.8.7-p302@customizables/gems/actionpack-2.3.8/lib/action_controller/string_coercion.rb:25:in `call'
    /home/edu/.rvm/gems/ruby-1.8.7-p302@customizables/gems/rack-1.1.0/lib/rack/head.rb:9:in `call'
    /home/edu/.rvm/gems/ruby-1.8.7-p302@customizables/gems/rack-1.1.0/lib/rack/methodoverride.rb:24:in `call'
    /home/edu/.rvm/gems/ruby-1.8.7-p302@customizables/gems/actionpack-2.3.8/lib/action_controller/params_parser.rb:15:in `call'
    /home/edu/.rvm/gems/ruby-1.8.7-p302@customizables/gems/actionpack-2.3.8/lib/action_controller/session/cookie_store.rb:99:in `call'
    /home/edu/.rvm/gems/ruby-1.8.7-p302@customizables/gems/actionpack-2.3.8/lib/action_controller/failsafe.rb:26:in `call'
    /home/edu/.rvm/gems/ruby-1.8.7-p302@customizables/gems/rack-1.1.0/lib/rack/lock.rb:11:in `call'
    /home/edu/.rvm/gems/ruby-1.8.7-p302@customizables/gems/rack-1.1.0/lib/rack/lock.rb:11:in `synchronize'
    /home/edu/.rvm/gems/ruby-1.8.7-p302@customizables/gems/rack-1.1.0/lib/rack/lock.rb:11:in `call'
    /home/edu/.rvm/gems/ruby-1.8.7-p302@customizables/gems/actionpack-2.3.8/lib/action_controller/dispatcher.rb:114:in `call'
    /home/edu/.rvm/gems/ruby-1.8.7-p302@customizables/gems/actionpack-2.3.8/lib/action_controller/reloader.rb:34:in `run'
    /home/edu/.rvm/gems/ruby-1.8.7-p302@customizables/gems/actionpack-2.3.8/lib/action_controller/dispatcher.rb:108:in `call'
    /home/edu/.rvm/gems/ruby-1.8.7-p302@customizables/gems/rails-2.3.8/lib/rails/rack/static.rb:31:in `call'
    /home/edu/.rvm/gems/ruby-1.8.7-p302@customizables/gems/rack-1.1.0/lib/rack/urlmap.rb:47:in `call'
    /home/edu/.rvm/gems/ruby-1.8.7-p302@customizables/gems/rack-1.1.0/lib/rack/urlmap.rb:41:in `each'
    /home/edu/.rvm/gems/ruby-1.8.7-p302@customizables/gems/rack-1.1.0/lib/rack/urlmap.rb:41:in `call'
    /home/edu/.rvm/gems/ruby-1.8.7-p302@customizables/gems/rails-2.3.8/lib/rails/rack/log_tailer.rb:17:in `call'
    /home/edu/.rvm/gems/ruby-1.8.7-p302@customizables/gems/rack-1.1.0/lib/rack/content_length.rb:13:in `call'
    /home/edu/.rvm/gems/ruby-1.8.7-p302@customizables/gems/rack-1.1.0/lib/rack/chunked.rb:15:in `call'
    /home/edu/.rvm/gems/ruby-1.8.7-p302@customizables/gems/rack-1.1.0/lib/rack/handler/mongrel.rb:67:in `process'
    /home/edu/.rvm/gems/ruby-1.8.7-p302@customizables/gems/mongrel-1.1.5/lib/mongrel.rb:159:in `process_client'
    /home/edu/.rvm/gems/ruby-1.8.7-p302@customizables/gems/mongrel-1.1.5/lib/mongrel.rb:158:in `each'
    /home/edu/.rvm/gems/ruby-1.8.7-p302@customizables/gems/mongrel-1.1.5/lib/mongrel.rb:158:in `process_client'
    /home/edu/.rvm/gems/ruby-1.8.7-p302@customizables/gems/mongrel-1.1.5/lib/mongrel.rb:285:in `run'
    /home/edu/.rvm/gems/ruby-1.8.7-p302@customizables/gems/mongrel-1.1.5/lib/mongrel.rb:285:in `initialize'
    /home/edu/.rvm/gems/ruby-1.8.7-p302@customizables/gems/mongrel-1.1.5/lib/mongrel.rb:285:in `new'
    /home/edu/.rvm/gems/ruby-1.8.7-p302@customizables/gems/mongrel-1.1.5/lib/mongrel.rb:285:in `run'
    /home/edu/.rvm/gems/ruby-1.8.7-p302@customizables/gems/mongrel-1.1.5/lib/mongrel.rb:268:in `initialize'
    /home/edu/.rvm/gems/ruby-1.8.7-p302@customizables/gems/mongrel-1.1.5/lib/mongrel.rb:268:in `new'
    /home/edu/.rvm/gems/ruby-1.8.7-p302@customizables/gems/mongrel-1.1.5/lib/mongrel.rb:268:in `run'
    /home/edu/.rvm/gems/ruby-1.8.7-p302@customizables/gems/rack-1.1.0/lib/rack/handler/mongrel.rb:38:in `run'
    /home/edu/.rvm/gems/ruby-1.8.7-p302@customizables/gems/rails-2.3.8/lib/commands/server.rb:111
    /home/edu/.rvm/rubies/ruby-1.8.7-p302/lib/ruby/site_ruby/1.8/rubygems/custom_require.rb:31:in `gem_original_require'
    /home/edu/.rvm/rubies/ruby-1.8.7-p302/lib/ruby/site_ruby/1.8/rubygems/custom_require.rb:31:in `require'
    ./script/server:3
/!\ FAILSAFE /!\  Fri Jan 21 00:00:32 +0100 2011
  Status: 500 Internal Server Error
  no such file to load -- sqlite3
    /home/edu/.rvm/rubies/ruby-1.8.7-p302/lib/ruby/site_ruby/1.8/rubygems/custom_require.rb:31:in `gem_original_require'
    /home/edu/.rvm/rubies/ruby-1.8.7-p302/lib/ruby/site_ruby/1.8/rubygems/custom_require.rb:31:in `require'
    /home/edu/.rvm/gems/ruby-1.8.7-p302@customizables/gems/activesupport-2.3.8/lib/active_support/dependencies.rb:156:in `require'
    /home/edu/.rvm/gems/ruby-1.8.7-p302@customizables/gems/activesupport-2.3.8/lib/active_support/dependencies.rb:521:in `new_constants_in'
    /home/edu/.rvm/gems/ruby-1.8.7-p302@customizables/gems/activesupport-2.3.8/lib/active_support/dependencies.rb:156:in `require'
    /home/edu/.rvm/gems/ruby-1.8.7-p302@customizables/gems/activesupport-2.3.8/lib/active_support/core_ext/kernel/requires.rb:7:in `require_library_or_gem'
    /home/edu/.rvm/gems/ruby-1.8.7-p302@customizables/gems/activesupport-2.3.8/lib/active_support/core_ext/kernel/reporting.rb:11:in `silence_warnings'
    /home/edu/.rvm/gems/ruby-1.8.7-p302@customizables/gems/activesupport-2.3.8/lib/active_support/core_ext/kernel/requires.rb:5:in `require_library_or_gem'
    /home/edu/.rvm/gems/ruby-1.8.7-p302@customizables/gems/activerecord-2.3.8/lib/active_record/connection_adapters/sqlite3_adapter.rb:10:in `sqlite3_connection'
    /home/edu/.rvm/gems/ruby-1.8.7-p302@customizables/gems/activerecord-2.3.8/lib/active_record/connection_adapters/abstract/connection_pool.rb:223:in `send'
    /home/edu/.rvm/gems/ruby-1.8.7-p302@customizables/gems/activerecord-2.3.8/lib/active_record/connection_adapters/abstract/connection_pool.rb:223:in `new_connection'
    /home/edu/.rvm/gems/ruby-1.8.7-p302@customizables/gems/activerecord-2.3.8/lib/active_record/connection_adapters/abstract/connection_pool.rb:245:in `checkout_new_connection'
    /home/edu/.rvm/gems/ruby-1.8.7-p302@customizables/gems/activerecord-2.3.8/lib/active_record/connection_adapters/abstract/connection_pool.rb:188:in `checkout'
    /home/edu/.rvm/gems/ruby-1.8.7-p302@customizables/gems/activerecord-2.3.8/lib/active_record/connection_adapters/abstract/connection_pool.rb:184:in `loop'
    /home/edu/.rvm/gems/ruby-1.8.7-p302@customizables/gems/activerecord-2.3.8/lib/active_record/connection_adapters/abstract/connection_pool.rb:184:in `checkout'
    /home/edu/.rvm/rubies/ruby-1.8.7-p302/lib/ruby/1.8/monitor.rb:242:in `synchronize'
    /home/edu/.rvm/gems/ruby-1.8.7-p302@customizables/gems/activerecord-2.3.8/lib/active_record/connection_adapters/abstract/connection_pool.rb:183:in `checkout'
    /home/edu/.rvm/gems/ruby-1.8.7-p302@customizables/gems/activerecord-2.3.8/lib/active_record/connection_adapters/abstract/connection_pool.rb:98:in `connection'
    /home/edu/.rvm/gems/ruby-1.8.7-p302@customizables/gems/activerecord-2.3.8/lib/active_record/connection_adapters/abstract/connection_pool.rb:326:in `retrieve_connection'
    /home/edu/.rvm/gems/ruby-1.8.7-p302@customizables/gems/activerecord-2.3.8/lib/active_record/connection_adapters/abstract/connection_specification.rb:123:in `retrieve_connection'
    /home/edu/.rvm/gems/ruby-1.8.7-p302@customizables/gems/activerecord-2.3.8/lib/active_record/connection_adapters/abstract/connection_specification.rb:115:in `connection'
    /home/edu/.rvm/gems/ruby-1.8.7-p302@customizables/gems/activerecord-2.3.8/lib/active_record/query_cache.rb:9:in `cache'
    /home/edu/.rvm/gems/ruby-1.8.7-p302@customizables/gems/activerecord-2.3.8/lib/active_record/query_cache.rb:28:in `call'
    /home/edu/.rvm/gems/ruby-1.8.7-p302@customizables/gems/activerecord-2.3.8/lib/active_record/connection_adapters/abstract/connection_pool.rb:361:in `call'
    /home/edu/.rvm/gems/ruby-1.8.7-p302@customizables/gems/actionpack-2.3.8/lib/action_controller/string_coercion.rb:25:in `call'
    /home/edu/.rvm/gems/ruby-1.8.7-p302@customizables/gems/rack-1.1.0/lib/rack/head.rb:9:in `call'
    /home/edu/.rvm/gems/ruby-1.8.7-p302@customizables/gems/rack-1.1.0/lib/rack/methodoverride.rb:24:in `call'
    /home/edu/.rvm/gems/ruby-1.8.7-p302@customizables/gems/actionpack-2.3.8/lib/action_controller/params_parser.rb:15:in `call'
    /home/edu/.rvm/gems/ruby-1.8.7-p302@customizables/gems/actionpack-2.3.8/lib/action_controller/session/cookie_store.rb:99:in `call'
    /home/edu/.rvm/gems/ruby-1.8.7-p302@customizables/gems/actionpack-2.3.8/lib/action_controller/failsafe.rb:26:in `call'
    /home/edu/.rvm/gems/ruby-1.8.7-p302@customizables/gems/rack-1.1.0/lib/rack/lock.rb:11:in `call'
    /home/edu/.rvm/gems/ruby-1.8.7-p302@customizables/gems/rack-1.1.0/lib/rack/lock.rb:11:in `synchronize'
    /home/edu/.rvm/gems/ruby-1.8.7-p302@customizables/gems/rack-1.1.0/lib/rack/lock.rb:11:in `call'
    /home/edu/.rvm/gems/ruby-1.8.7-p302@customizables/gems/actionpack-2.3.8/lib/action_controller/dispatcher.rb:114:in `call'
    /home/edu/.rvm/gems/ruby-1.8.7-p302@customizables/gems/actionpack-2.3.8/lib/action_controller/reloader.rb:34:in `run'
    /home/edu/.rvm/gems/ruby-1.8.7-p302@customizables/gems/actionpack-2.3.8/lib/action_controller/dispatcher.rb:108:in `call'
    /home/edu/.rvm/gems/ruby-1.8.7-p302@customizables/gems/rails-2.3.8/lib/rails/rack/static.rb:31:in `call'
    /home/edu/.rvm/gems/ruby-1.8.7-p302@customizables/gems/rack-1.1.0/lib/rack/urlmap.rb:47:in `call'
    /home/edu/.rvm/gems/ruby-1.8.7-p302@customizables/gems/rack-1.1.0/lib/rack/urlmap.rb:41:in `each'
    /home/edu/.rvm/gems/ruby-1.8.7-p302@customizables/gems/rack-1.1.0/lib/rack/urlmap.rb:41:in `call'
    /home/edu/.rvm/gems/ruby-1.8.7-p302@customizables/gems/rails-2.3.8/lib/rails/rack/log_tailer.rb:17:in `call'
    /home/edu/.rvm/gems/ruby-1.8.7-p302@customizables/gems/rack-1.1.0/lib/rack/content_length.rb:13:in `call'
    /home/edu/.rvm/gems/ruby-1.8.7-p302@customizables/gems/rack-1.1.0/lib/rack/chunked.rb:15:in `call'
    /home/edu/.rvm/gems/ruby-1.8.7-p302@customizables/gems/rack-1.1.0/lib/rack/handler/mongrel.rb:67:in `process'
    /home/edu/.rvm/gems/ruby-1.8.7-p302@customizables/gems/mongrel-1.1.5/lib/mongrel.rb:159:in `process_client'
    /home/edu/.rvm/gems/ruby-1.8.7-p302@customizables/gems/mongrel-1.1.5/lib/mongrel.rb:158:in `each'
    /home/edu/.rvm/gems/ruby-1.8.7-p302@customizables/gems/mongrel-1.1.5/lib/mongrel.rb:158:in `process_client'
    /home/edu/.rvm/gems/ruby-1.8.7-p302@customizables/gems/mongrel-1.1.5/lib/mongrel.rb:285:in `run'
    /home/edu/.rvm/gems/ruby-1.8.7-p302@customizables/gems/mongrel-1.1.5/lib/mongrel.rb:285:in `initialize'
    /home/edu/.rvm/gems/ruby-1.8.7-p302@customizables/gems/mongrel-1.1.5/lib/mongrel.rb:285:in `new'
    /home/edu/.rvm/gems/ruby-1.8.7-p302@customizables/gems/mongrel-1.1.5/lib/mongrel.rb:285:in `run'
    /home/edu/.rvm/gems/ruby-1.8.7-p302@customizables/gems/mongrel-1.1.5/lib/mongrel.rb:268:in `initialize'
    /home/edu/.rvm/gems/ruby-1.8.7-p302@customizables/gems/mongrel-1.1.5/lib/mongrel.rb:268:in `new'
    /home/edu/.rvm/gems/ruby-1.8.7-p302@customizables/gems/mongrel-1.1.5/lib/mongrel.rb:268:in `run'
    /home/edu/.rvm/gems/ruby-1.8.7-p302@customizables/gems/rack-1.1.0/lib/rack/handler/mongrel.rb:38:in `run'
    /home/edu/.rvm/gems/ruby-1.8.7-p302@customizables/gems/rails-2.3.8/lib/commands/server.rb:111
    /home/edu/.rvm/rubies/ruby-1.8.7-p302/lib/ruby/site_ruby/1.8/rubygems/custom_require.rb:31:in `gem_original_require'
    /home/edu/.rvm/rubies/ruby-1.8.7-p302/lib/ruby/site_ruby/1.8/rubygems/custom_require.rb:31:in `require'
    ./script/server:3
  [4;36;1mSQL (0.1ms)[0m   [0;1mSET NAMES 'utf8'[0m
  [4;35;1mSQL (0.1ms)[0m   [0mSET SQL_AUTO_IS_NULL=0[0m


Processing HomeController#index (for 127.0.0.1 at 2011-01-21 00:12:08) [GET]
Rendering template within layouts/application
Rendering home/index
Completed in 33975ms (View: 74, DB: 0) | 200 OK [http://localhost/home]
  [4;36;1mSQL (0.1ms)[0m   [0;1mSET NAMES 'utf8'[0m
  [4;35;1mSQL (0.1ms)[0m   [0mSET SQL_AUTO_IS_NULL=0[0m


Processing HomeController#index (for 127.0.0.1 at 2011-01-31 16:19:17) [GET]
Rendering template within layouts/application
Rendering home/index
Completed in 119758ms (View: 70, DB: 0) | 200 OK [http://localhost/home]
  [4;36;1mSQL (0.1ms)[0m   [0;1mSET NAMES 'utf8'[0m
  [4;35;1mSQL (0.1ms)[0m   [0mSET SQL_AUTO_IS_NULL=0[0m


Processing HomeController#index (for 127.0.0.1 at 2011-01-31 16:51:45) [GET]
Rendering template within layouts/application
Rendering home/index
Completed in 201873ms (View: 14, DB: 0) | 200 OK [http://localhost/home]
  [4;36;1mSQL (0.1ms)[0m   [0;1mSET NAMES 'utf8'[0m
  [4;35;1mSQL (0.1ms)[0m   [0mSET SQL_AUTO_IS_NULL=0[0m


Processing HomeController#index (for 127.0.0.1 at 2011-01-31 16:55:07) [GET]
Rendering template within layouts/application
Rendering home/index
Completed in 1204ms (View: 3, DB: 0) | 200 OK [http://localhost/home]
  [4;36;1mSQL (0.1ms)[0m   [0;1mSET NAMES 'utf8'[0m
  [4;35;1mSQL (0.1ms)[0m   [0mSET SQL_AUTO_IS_NULL=0[0m


Processing HomeController#index (for 127.0.0.1 at 2011-01-31 17:01:05) [GET]
Rendering template within layouts/application
Rendering home/index
Completed in 81308ms (View: 17, DB: 0) | 200 OK [http://localhost/home]
  [4;36;1mSQL (0.1ms)[0m   [0;1mSET NAMES 'utf8'[0m
  [4;35;1mSQL (0.1ms)[0m   [0mSET SQL_AUTO_IS_NULL=0[0m


Processing HomeController#index (for 127.0.0.1 at 2011-01-31 17:03:08) [GET]
Rendering template within layouts/application
Rendering home/index
Completed in 1941ms (View: 11, DB: 0) | 200 OK [http://localhost/home]
  [4;36;1mSQL (0.2ms)[0m   [0;1mSET NAMES 'utf8'[0m
  [4;35;1mSQL (0.1ms)[0m   [0mSET SQL_AUTO_IS_NULL=0[0m


Processing HomeController#index (for 127.0.0.1 at 2011-01-31 17:12:37) [GET]
Rendering template within layouts/application
Rendering home/index
Completed in 2511ms (View: 20, DB: 0) | 200 OK [http://localhost/home]
  [4;36;1mSQL (0.1ms)[0m   [0;1mSET NAMES 'utf8'[0m
  [4;35;1mSQL (0.1ms)[0m   [0mSET SQL_AUTO_IS_NULL=0[0m


Processing HomeController#index (for 127.0.0.1 at 2011-01-31 17:26:04) [GET]
Rendering template within layouts/application
Rendering home/index
Completed in 4605ms (View: 11, DB: 0) | 200 OK [http://localhost/home]
  [4;36;1mSQL (0.1ms)[0m   [0;1mSET NAMES 'utf8'[0m
  [4;35;1mSQL (0.1ms)[0m   [0mSET SQL_AUTO_IS_NULL=0[0m


Processing HomeController#index (for 127.0.0.1 at 2011-01-31 17:55:26) [GET]
Rendering template within layouts/application
Rendering home/index
Completed in 2985ms (View: 14, DB: 0) | 200 OK [http://localhost/home]
  [4;36;1mSQL (0.1ms)[0m   [0;1mSET NAMES 'utf8'[0m
  [4;35;1mSQL (0.1ms)[0m   [0mSET SQL_AUTO_IS_NULL=0[0m


Processing HomeController#index (for 127.0.0.1 at 2011-01-31 18:16:06) [GET]
Rendering template within layouts/application
Rendering home/index
Completed in 32068ms (View: 14, DB: 0) | 200 OK [http://localhost/home]
  [4;36;1mSQL (0.1ms)[0m   [0;1mSET NAMES 'utf8'[0m
  [4;35;1mSQL (0.1ms)[0m   [0mSET SQL_AUTO_IS_NULL=0[0m


Processing HomeController#index (for 127.0.0.1 at 2011-01-31 18:20:20) [GET]
Rendering template within layouts/application
Rendering home/index
Completed in 4222ms (View: 2, DB: 0) | 200 OK [http://localhost/home]
  [4;36;1mSQL (0.2ms)[0m   [0;1mSET NAMES 'utf8'[0m
  [4;35;1mSQL (0.1ms)[0m   [0mSET SQL_AUTO_IS_NULL=0[0m


Processing HomeController#index (for 81.32.254.122 at 2011-01-31 18:51:11) [GET]
Rendering template within layouts/application
Rendering home/index
Completed in 17038ms (View: 2, DB: 0) | 200 OK [http://zorglub-alcala.ideas4all.com/home]
  [4;36;1mSQL (0.2ms)[0m   [0;1mSET NAMES 'utf8'[0m
  [4;35;1mSQL (0.2ms)[0m   [0mSET SQL_AUTO_IS_NULL=0[0m


Processing HomeController#index (for 127.0.0.1 at 2011-01-31 18:59:02) [GET]
Rendering template within layouts/application
Rendering home/index
Completed in 9ms (View: 7, DB: 0) | 200 OK [http://localhost/home]
  [4;36;1mSQL (0.1ms)[0m   [0;1mSET NAMES 'utf8'[0m
  [4;35;1mSQL (0.0ms)[0m   [0mSET SQL_AUTO_IS_NULL=0[0m


Processing HomeController#index (for 127.0.0.1 at 2011-01-31 19:51:37) [GET]
Rendering template within layouts/application
Rendering home/index
Completed in 9ms (View: 7, DB: 0) | 200 OK [http://localhost/home]
  [4;36;1mSQL (0.2ms)[0m   [0;1mSET NAMES 'utf8'[0m
  [4;35;1mSQL (0.1ms)[0m   [0mSET SQL_AUTO_IS_NULL=0[0m


Processing HomeController#index (for 127.0.0.1 at 2011-01-31 20:02:01) [GET]
Rendering template within layouts/application
Rendering home/index
Completed in 9ms (View: 7, DB: 0) | 200 OK [http://localhost/home]
  [4;36;1mSQL (0.1ms)[0m   [0;1mSET NAMES 'utf8'[0m
  [4;35;1mSQL (0.1ms)[0m   [0mSET SQL_AUTO_IS_NULL=0[0m


Processing HomeController#index (for 127.0.0.1 at 2011-01-31 20:10:32) [GET]
Rendering template within layouts/application
Rendering home/index
Completed in 9ms (View: 8, DB: 0) | 200 OK [http://localhost/home]
  [4;36;1mSQL (0.1ms)[0m   [0;1mSET NAMES 'utf8'[0m
  [4;35;1mSQL (0.1ms)[0m   [0mSET SQL_AUTO_IS_NULL=0[0m


Processing HomeController#index (for 88.7.24.203 at 2011-02-01 20:57:43) [GET]
Rendering template within layouts/application
Rendering home/index
Completed in 64ms (View: 53, DB: 0) | 200 OK [http://zorglub.ideas4all.com/home]
  [4;36;1mSQL (0.2ms)[0m   [0;1mSET NAMES 'utf8'[0m
  [4;35;1mSQL (0.1ms)[0m   [0mSET SQL_AUTO_IS_NULL=0[0m


Processing HomeController#index (for 88.7.24.203 at 2011-02-01 20:59:49) [GET]
Rendering template within layouts/application
Rendering home/index
Completed in 175410ms (View: 175407, DB: 0) | 200 OK [http://zorglub.ideas4all.com/home]
  [4;36;1mSQL (0.1ms)[0m   [0;1mSET NAMES 'utf8'[0m
  [4;35;1mSQL (0.0ms)[0m   [0mSET SQL_AUTO_IS_NULL=0[0m


Processing HomeController#index (for 88.7.24.203 at 2011-02-01 21:03:06) [GET]
Rendering template within layouts/application
Rendering home/index
Completed in 18625ms (View: 4197, DB: 0) | 200 OK [http://zorglub.ideas4all.com/home]
  [4;36;1mSQL (0.1ms)[0m   [0;1mSET NAMES 'utf8'[0m
  [4;35;1mSQL (0.1ms)[0m   [0mSET SQL_AUTO_IS_NULL=0[0m


Processing HomeController#index (for 88.7.24.203 at 2011-02-01 21:03:40) [GET]
Rendering template within layouts/application
Rendering home/index
Completed in 942299ms (View: 1851, DB: 0) | 200 OK [http://zorglub.ideas4all.com/home]
  [4;36;1mSQL (0.1ms)[0m   [0;1mSET NAMES 'utf8'[0m
  [4;35;1mSQL (0.1ms)[0m   [0mSET SQL_AUTO_IS_NULL=0[0m


Processing HomeController#index (for 88.7.24.203 at 2011-02-01 21:20:55) [GET]
Rendering template within layouts/application
Rendering home/index
Completed in 488766ms (View: 1052, DB: 0) | 200 OK [http://zorglub.ideas4all.com/home]
  [4;36;1mSQL (0.1ms)[0m   [0;1mSET NAMES 'utf8'[0m
  [4;35;1mSQL (0.1ms)[0m   [0mSET SQL_AUTO_IS_NULL=0[0m


Processing HomeController#index (for 88.7.24.203 at 2011-02-01 21:29:19) [GET]
  [4;36;1mSQL (0.1ms)[0m   [0;1mSET NAMES 'utf8'[0m
  [4;35;1mSQL (0.1ms)[0m   [0mSET SQL_AUTO_IS_NULL=0[0m


Processing HomeController#index (for 88.7.24.203 at 2011-02-01 21:29:52) [GET]
Rendering template within layouts/application
Rendering home/index
Completed in 6799ms (View: 1292, DB: 0) | 200 OK [http://zorglub.ideas4all.com/home]
  [4;36;1mSQL (0.1ms)[0m   [0;1mSET NAMES 'utf8'[0m
  [4;35;1mSQL (0.1ms)[0m   [0mSET SQL_AUTO_IS_NULL=0[0m


Processing HomeController#index (for 88.7.24.203 at 2011-02-01 21:30:11) [GET]
Rendering template within layouts/application
Rendering home/index
Completed in 131769ms (View: 66849, DB: 0) | 200 OK [http://zorglub.ideas4all.com/home]
  [4;36;1mSQL (0.1ms)[0m   [0;1mSET NAMES 'utf8'[0m
  [4;35;1mSQL (0.1ms)[0m   [0mSET SQL_AUTO_IS_NULL=0[0m


Processing ApplicationController#index (for 88.7.24.203 at 2011-02-01 21:49:49) [GET]

ActionController::RoutingError (No route matches "/portal/my_profile" with {:canvas=>false, :method=>:get}):
  

Rendering rescues/layout (not_found)
  [4;36;1mSQL (0.1ms)[0m   [0;1mSET NAMES 'utf8'[0m
  [4;35;1mSQL (0.1ms)[0m   [0mSET SQL_AUTO_IS_NULL=0[0m


Processing ApplicationController#index (for 88.7.24.203 at 2011-02-01 21:50:02) [GET]

ActionController::RoutingError (No route matches "/portal/" with {:canvas=>false, :method=>:get}):
  

Rendering rescues/layout (not_found)
  [4;36;1mSQL (0.1ms)[0m   [0;1mSET NAMES 'utf8'[0m
  [4;35;1mSQL (0.1ms)[0m   [0mSET SQL_AUTO_IS_NULL=0[0m


Processing HomeController#index (for 88.7.24.203 at 2011-02-01 21:50:12) [GET]
Rendering template within layouts/application
Rendering home/index
Completed in 6868ms (View: 742, DB: 0) | 200 OK [http://zorglub.ideas4all.com/home]
  [4;36;1mSQL (0.1ms)[0m   [0;1mSET NAMES 'utf8'[0m
  [4;35;1mSQL (0.1ms)[0m   [0mSET SQL_AUTO_IS_NULL=0[0m


Processing HomeController#index (for 88.7.24.203 at 2011-02-01 21:52:39) [GET]
Rendering template within layouts/application
Rendering home/index
Completed in 21896ms (View: 13722, DB: 0) | 200 OK [http://zorglub.ideas4all.com/home]
  [4;36;1mSQL (0.1ms)[0m   [0;1mSET NAMES 'utf8'[0m
  [4;35;1mSQL (0.1ms)[0m   [0mSET SQL_AUTO_IS_NULL=0[0m


Processing HomeController#index (for 88.7.24.203 at 2011-02-01 21:53:34) [GET]
  [4;36;1mSQL (0.3ms)[0m   [0;1mSET NAMES 'utf8'[0m
  [4;35;1mSQL (0.1ms)[0m   [0mSET SQL_AUTO_IS_NULL=0[0m


Processing HomeController#index (for 88.7.24.203 at 2011-02-02 09:51:09) [GET]
Rendering template within layouts/application
Rendering home/index
Completed in 28ms (View: 24, DB: 0) | 200 OK [http://zorglub.ideas4all.com/home]
  [4;36;1mSQL (0.1ms)[0m   [0;1mSET NAMES 'utf8'[0m
  [4;35;1mSQL (0.1ms)[0m   [0mSET SQL_AUTO_IS_NULL=0[0m


Processing HomeController#index (for 88.7.24.203 at 2011-02-02 09:56:39) [GET]
Rendering template within layouts/application
Rendering home/index
Completed in 6ms (View: 5, DB: 0) | 200 OK [http://zorglub.ideas4all.com/home]
  [4;36;1mSQL (0.1ms)[0m   [0;1mSET NAMES 'utf8'[0m
  [4;35;1mSQL (0.1ms)[0m   [0mSET SQL_AUTO_IS_NULL=0[0m


Processing HomeController#index (for 88.7.24.203 at 2011-02-02 19:24:34) [GET]
Rendering template within layouts/application
Rendering home/index
Completed in 11ms (View: 7, DB: 0) | 200 OK [http://zorglub.ideas4all.com/home]
  [4;36;1mSQL (0.1ms)[0m   [0;1mSET NAMES 'utf8'[0m
  [4;35;1mSQL (0.1ms)[0m   [0mSET SQL_AUTO_IS_NULL=0[0m


Processing HomeController#index (for 88.7.24.203 at 2011-02-02 19:26:41) [GET]
Rendering template within layouts/application
Rendering home/index
Completed in 45ms (View: 6, DB: 0) | 200 OK [http://zorglub.ideas4all.com/home]
  [4;36;1mSQL (0.2ms)[0m   [0;1mSET NAMES 'utf8'[0m
  [4;35;1mSQL (0.1ms)[0m   [0mSET SQL_AUTO_IS_NULL=0[0m


Processing HomeController#index (for 88.7.24.203 at 2011-02-02 20:00:21) [GET]
